0 info it worked if it ends with ok
1 verbose cli [ 'C:\\Program Files\\nodejs\\node.exe',
1 verbose cli   'C:\\Program Files\\nodejs\\node_modules\\npm\\bin\\npm-cli.js',
1 verbose cli   'start' ]
2 info using npm@3.10.9
3 info using node@v7.2.0
4 verbose run-script [ 'prestart', 'start', 'poststart' ]
5 info lifecycle experiment@1.0.0~prestart: experiment@1.0.0
6 silly lifecycle experiment@1.0.0~prestart: no script for prestart, continuing
7 info lifecycle experiment@1.0.0~start: experiment@1.0.0
8 verbose lifecycle experiment@1.0.0~start: unsafe-perm in lifecycle true
9 verbose lifecycle experiment@1.0.0~start: PATH: C:\Users\monnier\AppData\Roaming\nvm\v7.2.0\node_modules\npm\bin\node-gyp-bin;C:\Users\monnier\Documents\GitHub\experiment\node_modules\.bin;C:\Program Files\ImageMagick-7.0.5-Q16;C:\ProgramData\Oracle\Java\javapath;C:\Program Files (x86)\Intel\iCLS Client\;C:\Program Files\Intel\iCLS Client\;C:\Windows\system32;C:\Windows;C:\Windows\System32\Wbem;C:\Windows\System32\WindowsPowerShell\v1.0\;C:\Program Files\Intel\Intel(R) Management Engine Components\DAL;C:\Program Files (x86)\Intel\Intel(R) Management Engine Components\DAL;C:\Program Files\Intel\Intel(R) Management Engine Components\IPT;C:\Program Files (x86)\Intel\Intel(R) Management Engine Components\IPT;C:\Program Files (x86)\ATI Technologies\ATI.ACE\Core-Static;C:\Program Files (x86)\AMD\ATI.ACE\Core-Static;C:\Windows\system32\config\systemprofile\.dnx\bin;C:\Program Files\Microsoft DNX\Dnvm\;C:\Program Files (x86)\Windows Kits\8.1\Windows Performance Toolkit\;C:\Program Files\Microsoft SQL Server\120\Tools\Binn\;C:\Program Files\Microsoft\Web Platform Installer\;c:\Program Files (x86)\Microsoft SQL Server\110\Tools\Binn\ManagementStudio\;c:\Program Files (x86)\Microsoft SQL Server\110\Tools\Binn\;c:\Program Files\Microsoft SQL Server\110\Tools\Binn\;c:\Program Files (x86)\Microsoft SQL Server\110\DTS\Binn\;C:\Program Files\doxygen\bin;C:\Program Files (x86)\Brackets\command;C:\php;C:\ProgramData\ComposerSetup\bin;C:\Users\monnier\AppData\Roaming\nvm;C:\Program Files\nodejs;C:\HashiCorp\Vagrant\bin;C:\Program Files (x86)\GNU\GnuPG\pub;C:\Program Files\Microsoft SQL Server\130\Tools\Binn\;C:\Program Files\Git\cmd;C:\Program Files\dotnet\;C:\Users\monnier\.dnx\bin;C:\Program Files (x86)\Indigo Publications\Chromium Embeded Framework\;.bin;C:\Python27\;C:\Python27\Scripts\;C:\otto\;C:\Program Files\wkhtmltopdf\bin;C:\Users\monnier\AppData\Roaming\Composer\vendor\bin;C:\Users\monnier\AppData\Roaming\npm;C:\Users\monnier\AppData\Roaming\nvm;C:\Program Files\nodejs;C:\Program Files (x86)\Microsoft VS Code\bin;C:\Program Files\Heroku\bin;C:\Users\monnier\AppData\Local\atom\bin
10 verbose lifecycle experiment@1.0.0~start: CWD: C:\Users\monnier\Documents\GitHub\experiment
11 silly lifecycle experiment@1.0.0~start: Args: [ '/d /s /c', 'gulp serve:dist' ]
12 verbose stack Error: kill ENOSYS
12 verbose stack     at exports._errnoException (util.js:1022:11)
12 verbose stack     at process.kill (internal/process.js:173:13)
12 verbose stack     at process.listener (C:\Users\monnier\AppData\Roaming\nvm\v7.2.0\node_modules\npm\node_modules\npmlog\node_modules\gauge\node_modules\signal-exit\index.js:86:15)
12 verbose stack     at emitNone (events.js:91:20)
12 verbose stack     at process.emit (events.js:185:7)
12 verbose stack     at processEmit (C:\Users\monnier\AppData\Roaming\nvm\v7.2.0\node_modules\npm\node_modules\npmlog\node_modules\gauge\node_modules\signal-exit\index.js:146:32)
12 verbose stack     at processEmit (C:\Users\monnier\AppData\Roaming\nvm\v7.2.0\node_modules\npm\node_modules\npm-registry-client\node_modules\npmlog\node_modules\gauge\node_modules\signal-exit\index.js:146:32)
12 verbose stack     at Signal.wrap.onsignal (internal/process.js:200:44)
13 verbose cwd C:\Users\monnier\Documents\GitHub\experiment
14 error Windows_NT 6.3.9600
15 error argv "C:\\Program Files\\nodejs\\node.exe" "C:\\Program Files\\nodejs\\node_modules\\npm\\bin\\npm-cli.js" "start"
16 error node v7.2.0
17 error npm  v3.10.9
18 error code ENOSYS
19 error errno ENOSYS
20 error syscall kill
21 error kill ENOSYS
22 error If you need help, you may report this error at:
22 error     <https://github.com/npm/npm/issues>
23 verbose exit [ 1, true ]
